Next_Layer_Merchant_Node-master/app/build/intermediates/manifest_merge_blame_file/debug/manifest-merger-blame-debug-report.txt
1<?xml version="1.0" encoding="utf-8"?>
2<manifest xmlns:android="http://schemas.android.com/apk/res/android"
3    package="com.sis.clightapp"
4    android:versionCode="1"
5    android:versionName="1.0" >
6
7    <uses-sdk
7-->src\main\AndroidManifest.xml:6:5-73
8        android:minSdkVersion="26"
8-->src\main\AndroidManifest.xml:6:5-73
9        android:targetSdkVersion="29" />
9-->src\main\AndroidManifest.xml:6:5-73
10
11    <uses-permission android:name="android.permission.USE_FINGERPRINT" />
11-->src\main\AndroidManifest.xml:8:5-74
11-->src\main\AndroidManifest.xml:8:22-71
12    <uses-permission android:name="android.permission.BLUETOOTH" />
12-->src\main\AndroidManifest.xml:9:5-68
12-->src\main\AndroidManifest.xml:9:22-65
13    <uses-permission android:name="android.permission.BLUETOOTH_ADMIN" />
13-->src\main\AndroidManifest.xml:10:5-74
13-->src\main\AndroidManifest.xml:10:22-71
14    <uses-permission android:name="android.permission.ACCESS_NETWORK_STATE" />
14-->src\main\AndroidManifest.xml:11:5-79
14-->src\main\AndroidManifest.xml:11:22-76
15    <uses-permission android:name="android.permission.ACCESS_WIFI_STATE" />
15-->src\main\AndroidManifest.xml:12:5-76
15-->src\main\AndroidManifest.xml:12:22-73
16    <uses-permission android:name="android.permission.INTERNET" />
16-->src\main\AndroidManifest.xml:13:5-67
16-->src\main\AndroidManifest.xml:13:22-64
17    <uses-permission android:name="android.permission.GET_TASKS" />
17-->src\main\AndroidManifest.xml:14:5-68
17-->src\main\AndroidManifest.xml:14:22-65
18    <uses-permission android:name="android.permission.MODIFY_AUDIO_SETTINGS" />
18-->src\main\AndroidManifest.xml:15:5-80
18-->src\main\AndroidManifest.xml:15:22-77
19    <uses-permission android:name="android.permission.ACCESS_COARSE_LOCATION" />
19-->src\main\AndroidManifest.xml:16:5-81
19-->src\main\AndroidManifest.xml:16:22-78
20    <uses-permission android:name="android.permission.ACCESS_FINE_LOCATION" />
20-->src\main\AndroidManifest.xml:17:5-79
20-->src\main\AndroidManifest.xml:17:22-76
21    <uses-permission android:name="android.permission.SYSTEM_ALERT_WINDOW" />
21-->src\main\AndroidManifest.xml:18:5-78
21-->src\main\AndroidManifest.xml:18:22-75
22
23    <uses-feature
23-->src\main\AndroidManifest.xml:20:5-22:35
24        android:name="android.hardware.camera"
24-->src\main\AndroidManifest.xml:21:9-47
25        android:required="true" />
25-->src\main\AndroidManifest.xml:22:9-32
26
27    <uses-permission android:name="android.permission.CAMERA" />
27-->src\main\AndroidManifest.xml:24:5-65
27-->src\main\AndroidManifest.xml:24:22-62
28
29    <uses-feature android:name="android.hardware.camera.autofocus" />
29-->src\main\AndroidManifest.xml:26:5-70
29-->src\main\AndroidManifest.xml:26:19-67
30
31    <uses-permission android:name="android.permission.WRITE_EXTERNAL_STORAGE" />
31-->src\main\AndroidManifest.xml:28:5-81
31-->src\main\AndroidManifest.xml:28:22-78
32    <uses-permission android:name="android.permission.INTERNET" />
32-->src\main\AndroidManifest.xml:13:5-67
32-->src\main\AndroidManifest.xml:13:22-64
33    <uses-permission android:name="android.permission.READ_EXTERNAL_STORAGE" />
33-->src\main\AndroidManifest.xml:30:5-80
33-->src\main\AndroidManifest.xml:30:22-77
34    <uses-permission android:name="android.permission.WAKE_LOCK" />
34-->src\main\AndroidManifest.xml:31:5-68
34-->src\main\AndroidManifest.xml:31:22-65
35    <uses-permission android:name="android.permission.RECEIVE_BOOT_COMPLETED" />
35-->src\main\AndroidManifest.xml:32:5-81
35-->src\main\AndroidManifest.xml:32:22-78
36    <uses-permission android:name="android.permission.SYSTEM_ALERT_WINDOW" />
36-->src\main\AndroidManifest.xml:18:5-78
36-->src\main\AndroidManifest.xml:18:22-75
37
38    <!-- Required by older versions of Google Play services to create IID tokens -->
39    <uses-permission android:name="com.google.android.c2dm.permission.RECEIVE" />
39-->[com.google.firebase:firebase-messaging:23.0.0] AndroidManifest.xml:25:5-82
39-->[com.google.firebase:firebase-messaging:23.0.0] AndroidManifest.xml:25:22-79
40    <uses-permission android:name="android.permission.USE_BIOMETRIC" />
40-->[androidx.biometric:biometric:1.2.0-alpha03] AndroidManifest.xml:24:5-72
40-->[androidx.biometric:biometric:1.2.0-alpha03] AndroidManifest.xml:24:22-69
41
42    <uses-feature
42-->[com.journeyapps:zxing-android-embedded:3.5.0] AndroidManifest.xml:27:5-29:36
43        android:name="android.hardware.camera.front"
43-->[com.journeyapps:zxing-android-embedded:3.5.0] AndroidManifest.xml:28:9-53
44        android:required="false" />
44-->[com.journeyapps:zxing-android-embedded:3.5.0] AndroidManifest.xml:29:9-33
45    <uses-feature
45-->[com.journeyapps:zxing-android-embedded:3.5.0] AndroidManifest.xml:35:5-37:36
46        android:name="android.hardware.camera.flash"
46-->[com.journeyapps:zxing-android-embedded:3.5.0] AndroidManifest.xml:36:9-53
47        android:required="false" />
47-->[com.journeyapps:zxing-android-embedded:3.5.0] AndroidManifest.xml:37:9-33
48    <uses-feature
48-->[com.journeyapps:zxing-android-embedded:3.5.0] AndroidManifest.xml:38:5-40:36
49        android:name="android.hardware.screen.landscape"
49-->[com.journeyapps:zxing-android-embedded:3.5.0] AndroidManifest.xml:39:9-57
50        android:required="false" />
50-->[com.journeyapps:zxing-android-embedded:3.5.0] AndroidManifest.xml:40:9-33
51    <uses-feature
51-->[com.journeyapps:zxing-android-embedded:3.5.0] AndroidManifest.xml:41:5-43:36
52        android:name="android.hardware.wifi"
52-->[com.journeyapps:zxing-android-embedded:3.5.0] AndroidManifest.xml:42:9-45
53        android:required="false" />
53-->[com.journeyapps:zxing-android-embedded:3.5.0] AndroidManifest.xml:43:9-33
54
55    <uses-permission android:name="com.google.android.finsky.permission.BIND_GET_INSTALL_REFERRER_SERVICE" /> <!-- Include required permissions for Advertising Id -->
55-->[com.google.android.gms:play-services-measurement:20.0.2] AndroidManifest.xml:26:5-110
55-->[com.google.android.gms:play-services-measurement:20.0.2] AndroidManifest.xml:26:22-107
56    <uses-permission android:name="com.google.android.gms.permission.AD_ID" />
56-->[com.google.android.gms:play-services-ads-identifier:18.0.0] AndroidManifest.xml:23:5-79
56-->[com.google.android.gms:play-services-ads-identifier:18.0.0] AndroidManifest.xml:23:22-76
57
58    <application
58-->src\main\AndroidManifest.xml:35:5-110:19
59        android:allowBackup="true"
59-->src\main\AndroidManifest.xml:36:9-35
60        android:appComponentFactory="androidx.core.app.CoreComponentFactory"
60-->[androidx.core:core:1.3.2] AndroidManifest.xml:24:18-86
61        android:debuggable="true"
62        android:extractNativeLibs="false"
63        android:hardwareAccelerated="true"
63-->src\main\AndroidManifest.xml:37:9-43
64        android:icon="@drawable/newappicon"
64-->src\main\AndroidManifest.xml:38:9-44
65        android:label="@string/app_name"
65-->src\main\AndroidManifest.xml:39:9-41
66        android:largeHeap="true"
66-->src\main\AndroidManifest.xml:40:9-33
67        android:requestLegacyExternalStorage="true"
67-->src\main\AndroidManifest.xml:41:9-52
68        android:roundIcon="@drawable/newappicon"
68-->src\main\AndroidManifest.xml:42:9-49
69        android:supportsRtl="true"
69-->src\main\AndroidManifest.xml:43:9-35
70        android:testOnly="true"
71        android:theme="@style/Theme.AppCompat.Light.NoActionBar"
71-->src\main\AndroidManifest.xml:44:9-65
72        android:usesCleartextTraffic="true"
72-->src\main\AndroidManifest.xml:45:9-44
73        android:vmSafeMode="true" >
73-->src\main\AndroidManifest.xml:46:9-34
74        <activity
74-->src\main\AndroidManifest.xml:47:9-56:20
75            android:name="com.sis.clightapp.activity.MainEntryActivityNew"
75-->src\main\AndroidManifest.xml:48:13-58
76            android:exported="true"
76-->src\main\AndroidManifest.xml:50:13-36
77            android:screenOrientation="portrait" >
77-->src\main\AndroidManifest.xml:49:13-49
78            <intent-filter>
78-->src\main\AndroidManifest.xml:51:13-55:29
79                <action android:name="android.intent.action.MAIN" />
79-->src\main\AndroidManifest.xml:52:17-69
79-->src\main\AndroidManifest.xml:52:25-66
80
81                <category android:name="android.intent.category.LAUNCHER" />
81-->src\main\AndroidManifest.xml:54:17-77
81-->src\main\AndroidManifest.xml:54:27-74
82            </intent-filter>
83        </activity>
84        <activity android:name="com.sis.clightapp.activity.RPCTestActivity" />
84-->src\main\AndroidManifest.xml:57:9-62
84-->src\main\AndroidManifest.xml:57:19-59
85
86        <service
86-->src\main\AndroidManifest.xml:59:9-62:39
87            android:name="com.sis.clightapp.session.MyLogOutService"
87-->src\main\AndroidManifest.xml:60:13-52
88            android:enabled="true"
88-->src\main\AndroidManifest.xml:61:13-35
89            android:exported="true" />
89-->src\main\AndroidManifest.xml:62:13-36
90
91        <activity
91-->src\main\AndroidManifest.xml:64:9-69:20
92            android:name="com.sis.clightapp.activity.CheckOutMain11"
92-->src\main\AndroidManifest.xml:65:13-52
93            android:screenOrientation="portrait"
93-->src\main\AndroidManifest.xml:66:13-49
94            android:windowSoftInputMode="stateHidden|adjustPan" >
94-->src\main\AndroidManifest.xml:67:13-64
95        </activity>
96        <activity
96-->src\main\AndroidManifest.xml:70:9-74:20
97            android:name="com.sis.clightapp.activity.AdminMain11"
97-->src\main\AndroidManifest.xml:71:13-49
98            android:screenOrientation="portrait" >
98-->src\main\AndroidManifest.xml:72:13-49
99        </activity>
100        <activity
100-->src\main\AndroidManifest.xml:75:9-77:51
101            android:name="com.sis.clightapp.activity.MerchnatMain11"
101-->src\main\AndroidManifest.xml:76:13-52
102            android:screenOrientation="portrait" />
102-->src\main\AndroidManifest.xml:77:13-49
103        <activity
103-->src\main\AndroidManifest.xml:78:9-80:51
104            android:name="com.sis.clightapp.activity.MainEntryActivity"
104-->src\main\AndroidManifest.xml:79:13-55
105            android:screenOrientation="portrait" />
105-->src\main\AndroidManifest.xml:80:13-49
106        <activity
106-->src\main\AndroidManifest.xml:81:9-83:52
107            android:name="com.sis.clightapp.activity.LoginActivity"
107-->src\main\AndroidManifest.xml:82:13-51
108            android:screenOrientation="portrait" />
108-->src\main\AndroidManifest.xml:83:13-49
109
110        <meta-data
110-->src\main\AndroidManifest.xml:85:9-87:49
111            android:name="com.google.android.actions"
111-->src\main\AndroidManifest.xml:86:13-54
112            android:resource="@xml/salesitem" />
112-->src\main\AndroidManifest.xml:87:13-46
113
114        <activity
114-->src\main\AndroidManifest.xml:89:9-93:20
115            android:name="com.sis.clightapp.activity.MainActivity"
115-->src\main\AndroidManifest.xml:90:13-50
116            android:screenOrientation="portrait" >
116-->src\main\AndroidManifest.xml:91:13-49
117        </activity>
118        <activity
118-->src\main\AndroidManifest.xml:95:9-98:49
119            android:name="com.journeyapps.barcodescanner.CaptureActivity"
119-->src\main\AndroidManifest.xml:96:13-74
120            android:clearTaskOnLaunch="true"
120-->[com.journeyapps:zxing-android-embedded:3.5.0] AndroidManifest.xml:48:13-45
121            android:screenOrientation="fullSensor"
121-->src\main\AndroidManifest.xml:97:13-51
122            android:stateNotNeeded="true"
122-->[com.journeyapps:zxing-android-embedded:3.5.0] AndroidManifest.xml:50:13-42
123            android:theme="@style/zxing_CaptureTheme"
123-->[com.journeyapps:zxing-android-embedded:3.5.0] AndroidManifest.xml:51:13-54
124            android:windowSoftInputMode="stateAlwaysHidden" />
124-->[com.journeyapps:zxing-android-embedded:3.5.0] AndroidManifest.xml:52:13-60
125
126        <meta-data
126-->src\main\AndroidManifest.xml:100:9-102:39
127            android:name="com.google.android.gms.vision.DEPENDENCIES"
127-->src\main\AndroidManifest.xml:101:13-70
128            android:value="barcode" />
128-->src\main\AndroidManifest.xml:102:13-36
129
130        <service
130-->src\main\AndroidManifest.xml:103:9-109:19
131            android:name="com.sis.clightapp.FCM.MyFirebaseMessagingService"
131-->src\main\AndroidManifest.xml:104:13-59
132            android:exported="false" >
132-->src\main\AndroidManifest.xml:105:13-37
133            <intent-filter>
133-->src\main\AndroidManifest.xml:106:9-108:25
134                <action android:name="com.google.firebase.MESSAGING_EVENT" />
134-->src\main\AndroidManifest.xml:107:13-74
134-->src\main\AndroidManifest.xml:107:21-71
135            </intent-filter>
136        </service>
137
138        <receiver
138-->[com.google.firebase:firebase-messaging:23.0.0] AndroidManifest.xml:28:9-35:20
139            android:name="com.google.firebase.iid.FirebaseInstanceIdReceiver"
139-->[com.google.firebase:firebase-messaging:23.0.0] AndroidManifest.xml:29:13-78
140            android:exported="true"
140-->[com.google.firebase:firebase-messaging:23.0.0] AndroidManifest.xml:30:13-36
141            android:permission="com.google.android.c2dm.permission.SEND" >
141-->[com.google.firebase:firebase-messaging:23.0.0] AndroidManifest.xml:31:13-73
142            <intent-filter>
142-->[com.google.firebase:firebase-messaging:23.0.0] AndroidManifest.xml:32:13-34:29
143                <action android:name="com.google.android.c2dm.intent.RECEIVE" />
143-->[com.google.firebase:firebase-messaging:23.0.0] AndroidManifest.xml:33:17-81
143-->[com.google.firebase:firebase-messaging:23.0.0] AndroidManifest.xml:33:25-78
144            </intent-filter>
145        </receiver>
146        <!--
147             FirebaseMessagingService performs security checks at runtime,
148             but set to not exported to explicitly avoid allowing another app to call it.
149        -->
150        <service
150-->[com.google.firebase:firebase-messaging:23.0.0] AndroidManifest.xml:41:9-48:19
151            android:name="com.google.firebase.messaging.FirebaseMessagingService"
151-->[com.google.firebase:firebase-messaging:23.0.0] AndroidManifest.xml:42:13-82
152            android:directBootAware="true"
152-->[com.google.firebase:firebase-messaging:23.0.0] AndroidManifest.xml:43:13-43
153            android:exported="false" >
153-->[com.google.firebase:firebase-messaging:23.0.0] AndroidManifest.xml:44:13-37
154            <intent-filter android:priority="-500" >
154-->src\main\AndroidManifest.xml:106:9-108:25
155                <action android:name="com.google.firebase.MESSAGING_EVENT" />
155-->src\main\AndroidManifest.xml:107:13-74
155-->src\main\AndroidManifest.xml:107:21-71
156            </intent-filter>
157        </service>
158        <service
158-->[com.google.firebase:firebase-messaging:23.0.0] AndroidManifest.xml:49:9-55:19
159            android:name="com.google.firebase.components.ComponentDiscoveryService"
159-->[com.google.firebase:firebase-messaging:23.0.0] AndroidManifest.xml:50:13-84
160            android:directBootAware="true"
160-->[com.google.firebase:firebase-common:20.0.0] AndroidManifest.xml:35:13-43
161            android:exported="false" >
161-->[com.google.firebase:firebase-messaging:23.0.0] AndroidManifest.xml:51:13-37
162            <meta-data
162-->[com.google.firebase:firebase-messaging:23.0.0] AndroidManifest.xml:52:13-54:85
163                android:name="com.google.firebase.components:com.google.firebase.messaging.FirebaseMessagingRegistrar"
163-->[com.google.firebase:firebase-messaging:23.0.0] AndroidManifest.xml:53:17-119
164                android:value="com.google.firebase.components.ComponentRegistrar" />
164-->[com.google.firebase:firebase-messaging:23.0.0] AndroidManifest.xml:54:17-82
165            <meta-data
165-->[com.google.firebase:firebase-datatransport:18.0.0] AndroidManifest.xml:28:13-30:85
166                android:name="com.google.firebase.components:com.google.firebase.datatransport.TransportRegistrar"
166-->[com.google.firebase:firebase-datatransport:18.0.0] AndroidManifest.xml:29:17-115
167                android:value="com.google.firebase.components.ComponentRegistrar" />
167-->[com.google.firebase:firebase-datatransport:18.0.0] AndroidManifest.xml:30:17-82
168            <meta-data
168-->[com.google.android.gms:play-services-measurement-api:20.0.2] AndroidManifest.xml:30:13-32:85
169                android:name="com.google.firebase.components:com.google.firebase.analytics.connector.internal.AnalyticsConnectorRegistrar"
169-->[com.google.android.gms:play-services-measurement-api:20.0.2] AndroidManifest.xml:31:17-139
170                android:value="com.google.firebase.components.ComponentRegistrar" />
170-->[com.google.android.gms:play-services-measurement-api:20.0.2] AndroidManifest.xml:32:17-82
171            <meta-data
171-->[com.google.firebase:firebase-installations:17.0.0] AndroidManifest.xml:18:13-20:85
172                android:name="com.google.firebase.components:com.google.firebase.installations.FirebaseInstallationsRegistrar"
172-->[com.google.firebase:firebase-installations:17.0.0] AndroidManifest.xml:19:17-127
173                android:value="com.google.firebase.components.ComponentRegistrar" />
173-->[com.google.firebase:firebase-installations:17.0.0] AndroidManifest.xml:20:17-82
174        </service>
175
176        <provider
176-->[com.squareup.picasso:picasso:2.71828] AndroidManifest.xml:8:9-11:40
177            android:name="com.squareup.picasso.PicassoProvider"
177-->[com.squareup.picasso:picasso:2.71828] AndroidManifest.xml:9:13-64
178            android:authorities="com.sis.clightapp.com.squareup.picasso"
178-->[com.squareup.picasso:picasso:2.71828] AndroidManifest.xml:10:13-72
179            android:exported="false" />
179-->[com.squareup.picasso:picasso:2.71828] AndroidManifest.xml:11:13-37
180
181        <service
181-->[com.google.android.datatransport:transport-backend-cct:3.0.0] AndroidManifest.xml:29:9-35:19
182            android:name="com.google.android.datatransport.runtime.backends.TransportBackendDiscovery"
182-->[com.google.android.datatransport:transport-backend-cct:3.0.0] AndroidManifest.xml:30:13-103
183            android:exported="false" >
183-->[com.google.android.datatransport:transport-backend-cct:3.0.0] AndroidManifest.xml:31:13-37
184            <meta-data
184-->[com.google.android.datatransport:transport-backend-cct:3.0.0] AndroidManifest.xml:32:13-34:39
185                android:name="backend:com.google.android.datatransport.cct.CctBackendFactory"
185-->[com.google.android.datatransport:transport-backend-cct:3.0.0] AndroidManifest.xml:33:17-94
186                android:value="cct" />
186-->[com.google.android.datatransport:transport-backend-cct:3.0.0] AndroidManifest.xml:34:17-36
187        </service>
188
189        <provider
189-->[com.google.firebase:firebase-common:20.0.0] AndroidManifest.xml:26:9-31:39
190            android:name="com.google.firebase.provider.FirebaseInitProvider"
190-->[com.google.firebase:firebase-common:20.0.0] AndroidManifest.xml:27:13-77
191            android:authorities="com.sis.clightapp.firebaseinitprovider"
191-->[com.google.firebase:firebase-common:20.0.0] AndroidManifest.xml:28:13-72
192            android:directBootAware="true"
192-->[com.google.firebase:firebase-common:20.0.0] AndroidManifest.xml:29:13-43
193            android:exported="false"
193-->[com.google.firebase:firebase-common:20.0.0] AndroidManifest.xml:30:13-37
194            android:initOrder="100" />
194-->[com.google.firebase:firebase-common:20.0.0] AndroidManifest.xml:31:13-36
195
196        <activity
196-->[com.google.android.gms:play-services-base:18.0.1] AndroidManifest.xml:20:9-22:45
197            android:name="com.google.android.gms.common.api.GoogleApiActivity"
197-->[com.google.android.gms:play-services-base:18.0.1] AndroidManifest.xml:20:19-85
198            android:exported="false"
198-->[com.google.android.gms:play-services-base:18.0.1] AndroidManifest.xml:22:19-43
199            android:theme="@android:style/Theme.Translucent.NoTitleBar" />
199-->[com.google.android.gms:play-services-base:18.0.1] AndroidManifest.xml:21:19-78
200
201        <receiver
201-->[com.google.android.gms:play-services-measurement:20.0.2] AndroidManifest.xml:29:9-33:20
202            android:name="com.google.android.gms.measurement.AppMeasurementReceiver"
202-->[com.google.android.gms:play-services-measurement:20.0.2] AndroidManifest.xml:30:13-85
203            android:enabled="true"
203-->[com.google.android.gms:play-services-measurement:20.0.2] AndroidManifest.xml:31:13-35
204            android:exported="false" >
204-->[com.google.android.gms:play-services-measurement:20.0.2] AndroidManifest.xml:32:13-37
205        </receiver>
206
207        <service
207-->[com.google.android.gms:play-services-measurement:20.0.2] AndroidManifest.xml:35:9-38:40
208            android:name="com.google.android.gms.measurement.AppMeasurementService"
208-->[com.google.android.gms:play-services-measurement:20.0.2] AndroidManifest.xml:36:13-84
209            android:enabled="true"
209-->[com.google.android.gms:play-services-measurement:20.0.2] AndroidManifest.xml:37:13-35
210            android:exported="false" />
210-->[com.google.android.gms:play-services-measurement:20.0.2] AndroidManifest.xml:38:13-37
211        <service
211-->[com.google.android.gms:play-services-measurement:20.0.2] AndroidManifest.xml:39:9-43:72
212            android:name="com.google.android.gms.measurement.AppMeasurementJobService"
212-->[com.google.android.gms:play-services-measurement:20.0.2] AndroidManifest.xml:40:13-87
213            android:enabled="true"
213-->[com.google.android.gms:play-services-measurement:20.0.2] AndroidManifest.xml:41:13-35
214            android:exported="false"
214-->[com.google.android.gms:play-services-measurement:20.0.2] AndroidManifest.xml:42:13-37
215            android:permission="android.permission.BIND_JOB_SERVICE" />
215-->[com.google.android.gms:play-services-measurement:20.0.2] AndroidManifest.xml:43:13-69
216
217        <meta-data
217-->[com.google.android.gms:play-services-basement:18.0.0] AndroidManifest.xml:21:9-23:69
218            android:name="com.google.android.gms.version"
218-->[com.google.android.gms:play-services-basement:18.0.0] AndroidManifest.xml:22:13-58
219            android:value="@integer/google_play_services_version" />
219-->[com.google.android.gms:play-services-basement:18.0.0] AndroidManifest.xml:23:13-66
220
221        <service
221-->[com.google.android.datatransport:transport-runtime:3.0.0] AndroidManifest.xml:26:9-30:19
222            android:name="com.google.android.datatransport.runtime.scheduling.jobscheduling.JobInfoSchedulerService"
222-->[com.google.android.datatransport:transport-runtime:3.0.0] AndroidManifest.xml:27:13-117
223            android:exported="false"
223-->[com.google.android.datatransport:transport-runtime:3.0.0] AndroidManifest.xml:28:13-37
224            android:permission="android.permission.BIND_JOB_SERVICE" >
224-->[com.google.android.datatransport:transport-runtime:3.0.0] AndroidManifest.xml:29:13-69
225        </service>
226
227        <receiver
227-->[com.google.android.datatransport:transport-runtime:3.0.0] AndroidManifest.xml:32:9-34:40
228            android:name="com.google.android.datatransport.runtime.scheduling.jobscheduling.AlarmManagerSchedulerBroadcastReceiver"
228-->[com.google.android.datatransport:transport-runtime:3.0.0] AndroidManifest.xml:33:13-132
229            android:exported="false" />
229-->[com.google.android.datatransport:transport-runtime:3.0.0] AndroidManifest.xml:34:13-37
230    </application>
231
232</manifest>